<?xml version="1.0" encoding="UTF-8"?>
<testng-results ignored="0" total="3" passed="3" failed="0" skipped="0">
  <reporter-output>
  </reporter-output>
  <suite started-at="2022-10-01T17:40:41 IST" name="Default suite" finished-at="2022-10-01T17:40:54 IST" duration-ms="12729">
    <groups>
    </groups>
    <test started-at="2022-10-01T17:40:41 IST" name="Default test" finished-at="2022-10-01T17:40:54 IST" duration-ms="12729">
      <class name="com.tests.LoginIntoApplication">
        <test-method signature="Inspection()[pri:0, instance:com.tests.LoginIntoApplication@4944252c]" started-at="2022-10-01T17:40:41 IST" name="Inspection" finished-at="2022-10-01T17:40:46 IST" duration-ms="4939" status="PASS">
          <reporter-output>
          </reporter-output>
        </test-method> <!-- Inspection -->
        <test-method signature="LogOut()[pri:0, instance:com.tests.LoginIntoApplication@4944252c]" started-at="2022-10-01T17:40:46 IST" name="LogOut" finished-at="2022-10-01T17:40:50 IST" duration-ms="3748" status="PASS">
          <reporter-output>
          </reporter-output>
        </test-method> <!-- LogOut -->
        <test-method signature="Login()[pri:0, instance:com.tests.LoginIntoApplication@4944252c]" started-at="2022-10-01T17:40:50 IST" name="Login" finished-at="2022-10-01T17:40:54 IST" duration-ms="3965" status="PASS">
          <reporter-output>
          </reporter-output>
        </test-method> <!-- Login -->
      </class> <!-- com.tests.LoginIntoApplication -->
    </test> <!-- Default test -->
  </suite> <!-- Default suite -->
</testng-results>
