<?xml version="1.0" encoding="UTF-8"?>
<testng-results ignored="0" total="3" passed="3" failed="0" skipped="0">
  <reporter-output>
  </reporter-output>
  <suite started-at="2022-10-02T10:28:11 IST" name="Default suite" finished-at="2022-10-02T10:28:26 IST" duration-ms="15327">
    <groups>
    </groups>
    <test started-at="2022-10-02T10:28:11 IST" name="Default test" finished-at="2022-10-02T10:28:26 IST" duration-ms="15327">
      <class name="com.tests.LoginIntoApplication">
        <test-method signature="Inspection()[pri:0, instance:com.tests.LoginIntoApplication@4944252c]" started-at="2022-10-02T10:28:11 IST" name="Inspection" finished-at="2022-10-02T10:28:17 IST" duration-ms="6400" status="PASS">
          <reporter-output>
          </reporter-output>
        </test-method> <!-- Inspection -->
        <test-method signature="LogOut()[pri:0, instance:com.tests.LoginIntoApplication@4944252c]" started-at="2022-10-02T10:28:17 IST" name="LogOut" finished-at="2022-10-02T10:28:22 IST" duration-ms="4331" status="PASS">
          <reporter-output>
          </reporter-output>
        </test-method> <!-- LogOut -->
        <test-method signature="Login()[pri:0, instance:com.tests.LoginIntoApplication@4944252c]" started-at="2022-10-02T10:28:22 IST" name="Login" finished-at="2022-10-02T10:28:26 IST" duration-ms="4499" status="PASS">
          <reporter-output>
          </reporter-output>
        </test-method> <!-- Login -->
      </class> <!-- com.tests.LoginIntoApplication -->
    </test> <!-- Default test -->
  </suite> <!-- Default suite -->
</testng-results>
