<?xml version="1.0" encoding="UTF-8"?>
<!-- Generated by org.testng.reporters.JUnitXMLReporter -->
<testsuite ignored="0" hostname="DESKTOP-0NVAA7R" failures="0" tests="3" name="Default test" time="15.327" errors="0" timestamp="2022-10-02T10:28:26 IST">
  <testcase classname="com.tests.LoginIntoApplication" name="Inspection" time="6.4"/>
  <testcase classname="com.tests.LoginIntoApplication" name="LogOut" time="4.331"/>
  <testcase classname="com.tests.LoginIntoApplication" name="Login" time="4.499"/>
</testsuite> <!-- Default test -->
