<?xml version="1.0" encoding="UTF-8"?>
<!-- Generated by org.testng.reporters.JUnitXMLReporter -->
<testsuite ignored="0" hostname="DESKTOP-0NVAA7R" failures="0" tests="3" name="Default test" time="12.729" errors="0" timestamp="2022-10-01T17:40:54 IST">
  <testcase classname="com.tests.LoginIntoApplication" name="Inspection" time="4.939"/>
  <testcase classname="com.tests.LoginIntoApplication" name="LogOut" time="3.748"/>
  <testcase classname="com.tests.LoginIntoApplication" name="Login" time="3.965"/>
</testsuite> <!-- Default test -->
